2024-10-20 16:21:38 - root - DEBUG - Logger configured
2024-10-20 16:21:38 - asyncio - DEBUG - Using proactor: IocpProactor
2024-10-20 16:22:07 - root - DEBUG - Logger configured
2024-10-20 16:22:07 - asyncio - DEBUG - Using proactor: IocpProactor
2024-10-20 16:22:19 - root - ERROR - good job
2024-10-20 16:24:55 - root - ERROR - good job
2024-10-20 16:26:22 - root - ERROR - good job
2024-10-20 16:27:16 - root - DEBUG - Logger configured
2024-10-20 16:30:14 - root - DEBUG - Logger configured
2024-10-20 16:30:14 - asyncio - DEBUG - Using proactor: IocpProactor
2024-10-20 16:30:23 - root - ERROR - good job
2024-10-20 16:31:19 - root - DEBUG - Logger configured
2024-10-20 16:31:19 - asyncio - DEBUG - Using proactor: IocpProactor
2024-10-20 16:31:30 - root - ERROR - good job
2024-10-20 16:34:15 - root - DEBUG - Logger configured
2024-10-20 16:43:07 - root - DEBUG - Logger configured
2024-10-20 16:43:07 - asyncio - DEBUG - Using proactor: IocpProactor
2024-10-20 16:43:25 - root - ERROR - good job
2024-10-20 16:44:06 - root - ERROR - good job
2024-10-20 23:00:43 - root - DEBUG - Logger configured
2024-10-20 23:00:43 - asyncio - DEBUG - Using proactor: IocpProactor
2024-10-20 23:01:01 - root - ERROR - good job
2024-10-20 23:01:32 - root - ERROR - good job
2024-10-20 23:13:53 - root - DEBUG - Logger configured
2024-10-20 23:13:53 - asyncio - DEBUG - Using proactor: IocpProactor
2024-10-20 23:14:06 - root - INFO - Set cookies for reset password: ggggggggggggggggg
2024-10-20 23:14:17 - root - INFO - Set cookies for reset password: ggggggggggggggggg
2024-10-20 23:14:17 - root - INFO - Set cookies for reset password: ggggggggggggggggg
2024-10-20 23:14:17 - root - INFO - Set cookies for reset password: ggggggggggggggggg
2024-10-20 23:14:17 - root - INFO - Set cookies for reset password: ggggggggggggggggg
2024-10-20 23:14:18 - root - INFO - Set cookies for reset password: ggggggggggggggggg
2024-10-20 23:14:18 - root - INFO - Set cookies for reset password: ggggggggggggggggg
2024-10-20 23:14:18 - root - INFO - Set cookies for reset password: ggggggggggggggggg
2024-10-20 23:14:18 - root - INFO - Set cookies for reset password: ggggggggggggggggg
2024-10-20 23:14:19 - root - INFO - Set cookies for reset password: ggggggggggggggggg
2024-10-20 23:14:19 - root - INFO - Set cookies for reset password: ggggggggggggggggg
2024-10-20 23:14:19 - root - INFO - Set cookies for reset password: ggggggggggggggggg
2024-10-20 23:14:19 - root - INFO - Set cookies for reset password: ggggggggggggggggg
2024-10-20 23:14:20 - root - INFO - Set cookies for reset password: ggggggggggggggggg
2024-10-20 23:14:20 - root - INFO - Set cookies for reset password: ggggggggggggggggg
2024-10-20 23:14:20 - root - INFO - Set cookies for reset password: ggggggggggggggggg
2024-10-20 23:14:20 - root - INFO - Set cookies for reset password: ggggggggggggggggg
2024-10-20 23:14:20 - root - INFO - Set cookies for reset password: ggggggggggggggggg
2024-10-20 23:14:21 - root - INFO - Set cookies for reset password: ggggggggggggggggg
2024-10-20 23:14:21 - root - INFO - Set cookies for reset password: ggggggggggggggggg
2024-10-20 23:14:21 - root - INFO - Set cookies for reset password: ggggggggggggggggg
2024-10-20 23:14:21 - root - INFO - Set cookies for reset password: ggggggggggggggggg
2024-10-20 23:14:21 - root - INFO - Set cookies for reset password: ggggggggggggggggg
2024-10-20 23:14:21 - root - INFO - Set cookies for reset password: ggggggggggggggggg
2024-10-20 23:14:22 - root - INFO - Set cookies for reset password: ggggggggggggggggg
2024-10-20 23:14:22 - root - INFO - Set cookies for reset password: ggggggggggggggggg
2024-10-20 23:14:22 - root - INFO - Set cookies for reset password: ggggggggggggggggg
2024-10-20 23:14:36 - root - INFO - Set cookies for reset password: ggggggggggggggggg
2024-10-20 23:14:36 - root - INFO - Set cookies for reset password: ggggggggggggggggg
2024-10-20 23:14:36 - root - INFO - Set cookies for reset password: ggggggggggggggggg
2024-10-20 23:14:36 - root - INFO - Set cookies for reset password: ggggggggggggggggg
2024-10-20 23:14:37 - root - INFO - Set cookies for reset password: ggggggggggggggggg
2024-10-20 23:14:37 - root - INFO - Set cookies for reset password: ggggggggggggggggg
2024-10-20 23:14:37 - root - INFO - Set cookies for reset password: ggggggggggggggggg
2024-10-20 23:14:37 - root - INFO - Set cookies for reset password: ggggggggggggggggg
2024-10-20 23:14:37 - root - INFO - Set cookies for reset password: ggggggggggggggggg
2024-10-20 23:14:38 - root - INFO - Set cookies for reset password: ggggggggggggggggg
2024-10-20 23:14:38 - root - INFO - Set cookies for reset password: ggggggggggggggggg
2024-10-20 23:14:38 - root - INFO - Set cookies for reset password: ggggggggggggggggg
2024-10-20 23:14:38 - root - INFO - Set cookies for reset password: ggggggggggggggggg
2024-10-20 23:14:38 - root - INFO - Set cookies for reset password: ggggggggggggggggg
2024-10-20 23:14:39 - root - INFO - Set cookies for reset password: ggggggggggggggggg
2024-10-20 23:14:39 - root - INFO - Set cookies for reset password: ggggggggggggggggg
2024-10-20 23:14:39 - root - INFO - Set cookies for reset password: ggggggggggggggggg
2024-10-20 23:14:39 - root - INFO - Set cookies for reset password: ggggggggggggggggg
2024-10-20 23:14:39 - root - INFO - Set cookies for reset password: ggggggggggggggggg
2024-10-20 23:14:40 - root - INFO - Set cookies for reset password: ggggggggggggggggg
2024-10-20 23:14:40 - root - INFO - Set cookies for reset password: ggggggggggggggggg
2024-10-20 23:14:40 - root - INFO - Set cookies for reset password: ggggggggggggggggg
2024-10-20 23:14:40 - root - INFO - Set cookies for reset password: ggggggggggggggggg
2024-10-20 23:14:40 - root - INFO - Set cookies for reset password: ggggggggggggggggg
2024-10-20 23:14:41 - root - INFO - Set cookies for reset password: ggggggggggggggggg
2024-10-20 23:14:41 - root - INFO - Set cookies for reset password: ggggggggggggggggg
2024-10-20 23:14:41 - root - INFO - Set cookies for reset password: ggggggggggggggggg
2024-10-20 23:14:41 - root - INFO - Set cookies for reset password: ggggggggggggggggg
2024-10-20 23:14:42 - root - INFO - Set cookies for reset password: ggggggggggggggggg
2024-10-20 23:14:42 - root - INFO - Set cookies for reset password: ggggggggggggggggg
2024-10-20 23:14:42 - root - INFO - Set cookies for reset password: ggggggggggggggggg
2024-10-20 23:14:43 - root - INFO - Set cookies for reset password: ggggggggggggggggg
2024-10-20 23:14:43 - root - INFO - Set cookies for reset password: ggggggggggggggggg
2024-10-20 23:14:43 - root - INFO - Set cookies for reset password: ggggggggggggggggg
2024-10-20 23:14:43 - root - INFO - Set cookies for reset password: ggggggggggggggggg
2024-10-20 23:14:44 - root - INFO - Set cookies for reset password: ggggggggggggggggg
2024-10-20 23:14:44 - root - INFO - Set cookies for reset password: ggggggggggggggggg
2024-10-20 23:14:44 - root - INFO - Set cookies for reset password: ggggggggggggggggg
2024-10-20 23:14:44 - root - INFO - Set cookies for reset password: ggggggggggggggggg
2024-10-20 23:14:45 - root - INFO - Set cookies for reset password: ggggggggggggggggg
2024-10-20 23:24:04 - root - DEBUG - Logger configured
2024-10-20 23:24:06 - asyncio - DEBUG - Using proactor: IocpProactor
2024-10-20 23:24:29 - root - DEBUG - Logger configured
2024-10-20 23:24:31 - asyncio - DEBUG - Using proactor: IocpProactor
2024-10-20 23:26:36 - root - DEBUG - Logger configured
2024-10-20 23:26:38 - asyncio - DEBUG - Using proactor: IocpProactor
2024-10-20 23:31:50 - root - DEBUG - Logger configured
2024-10-20 23:31:51 - asyncio - DEBUG - Using proactor: IocpProactor
2024-10-20 23:31:55 - root - ERROR - <class 'asyncpg.exceptions.ForeignKeyViolationError'>: INSERT или UPDATE в таблице "fact_procedure" нарушает ограничение внешнего ключа "fact_procedure_clinic_id_fkey"
DETAIL:  Ключ (clinic_id)=(0) отсутствует в таблице "clinic". params (41, 'string', 0, 0, 0, datetime.date(2024, 10, 20), '{}')
2024-10-20 23:33:50 - root - ERROR - <class 'asyncpg.exceptions.ForeignKeyViolationError'>: INSERT или UPDATE в таблице "fact_procedure" нарушает ограничение внешнего ключа "fact_procedure_clinic_id_fkey"
DETAIL:  Ключ (clinic_id)=(0) отсутствует в таблице "clinic". params (41, 'str54444444444444444444444444444444444444444444444444444444444444444444444444444444444444444444444444444444444444444444444444444444444444444444444444444444444444444444444444444444444444444444444444ing', 0, 0, 0, datetime.date(2024, 10, 20), '{}')
2024-10-20 23:38:14 - root - DEBUG - Logger configured
2024-10-20 23:38:17 - asyncio - DEBUG - Using proactor: IocpProactor
2024-10-20 23:38:38 - root - INFO - User 41 has forgot their password. Reset token: eyJhbGciOiJIUzI1NiIsInR5cCI6IkpXVCJ9.eyJzdWIiOiI0MSIsInBhc3N3b2RfZmdwdCI6IiRhcmdvbjJpZCR2PTE5JG09NjU1MzYsdD0zLHA9NCRPSVZJcndhUnVLQy9PQXc4S1JhTWhnJEZodTNxdGRKMXErK3crS0ZUSDYxT0xZaklVM0ptTmwyRHY4SUlxY0FLSzAiLCJhdWQiOiJmYXN0YXBpLXVzZXJzOnJlc2V0IiwiZXhwIjoxNzI5NDYwMzE4fQ.01psk0NocztfdobAF3s84zyT9W2oOeQL59vvY64E9KE
2024-10-20 23:40:28 - root - DEBUG - Logger configured
2024-10-20 23:40:30 - asyncio - DEBUG - Using proactor: IocpProactor
2024-10-20 23:40:39 - root - INFO - User 41 has forgot their password. Reset token: eyJhbGciOiJIUzI1NiIsInR5cCI6IkpXVCJ9.eyJzdWIiOiI0MSIsInBhc3N3b3JkX2ZncHQiOiIkYXJnb24yaWQkdj0xOSRtPTY1NTM2LHQ9MyxwPTQkUXg0UlNqZ2hPYmZpSDJ2cGpwY3VidyRaUVFsdDRGdmtpWktFVGdrOUI4eWZkZ0haUWQwYnp0YWhraXArQVE1N0V3IiwiYXVkIjoiZmFzdGFwaS11c2VyczpyZXNldCIsImV4cCI6MTcyOTQ2MDQzOX0.PJTvF2cTJYeORJLCfFpy5w035qCPekz905LMpgZjJ_c
2024-10-20 23:52:23 - root - DEBUG - Logger configured
2024-10-20 23:52:24 - asyncio - DEBUG - Using proactor: IocpProactor
2024-10-20 23:52:38 - root - ERROR - произошла ошибка ура
2024-10-21 19:45:36 - root - DEBUG - Logger configured
2024-10-21 19:45:39 - asyncio - DEBUG - Using proactor: IocpProactor
2024-10-21 20:08:32 - root - ERROR - произошла ошибка ура
2024-10-21 20:20:39 - root - DEBUG - Logger configured
2024-10-21 20:20:42 - asyncio - DEBUG - Using proactor: IocpProactor
2024-10-21 20:27:40 - root - DEBUG - Logger configured
2024-10-21 20:27:41 - asyncio - DEBUG - Using proactor: IocpProactor
2024-10-21 20:28:01 - root - ERROR - AppError.USER_NOT_FOUNDhttp://localhost:8080/auth/forgot-passwordu5ser@example.com
2024-10-21 20:29:21 - root - DEBUG - Logger configured
2024-10-21 20:29:22 - asyncio - DEBUG - Using proactor: IocpProactor
2024-10-21 20:29:57 - root - ERROR - AppError.USER_NOT_FOUND http://localhost:8080/auth/forgot-password u5ser@example.com
2024-10-21 21:13:12 - root - DEBUG - Logger configured
2024-10-21 21:13:13 - asyncio - DEBUG - Using proactor: IocpProactor
2024-10-21 21:13:31 - root - DEBUG - Logger configured
2024-10-21 21:13:34 - asyncio - DEBUG - Using proactor: IocpProactor
2024-10-21 21:14:49 - root - DEBUG - Logger configured
2024-10-21 21:14:50 - asyncio - DEBUG - Using proactor: IocpProactor
2024-10-21 21:15:24 - root - DEBUG - Logger configured
2024-10-21 21:15:25 - asyncio - DEBUG - Using proactor: IocpProactor
2024-10-21 21:15:29 - root - ERROR - 'use_id'
2024-10-21 21:18:09 - root - DEBUG - Logger configured
2024-10-21 21:18:11 - asyncio - DEBUG - Using proactor: IocpProactor
2024-10-21 21:18:18 - root - ERROR - 'use_id'
2024-10-21 21:24:40 - root - DEBUG - Logger configured
2024-10-21 21:24:41 - asyncio - DEBUG - Using proactor: IocpProactor
2024-10-21 21:24:43 - root - ERROR - AppError.UNKNOWN_ERROR_HAPPENED /profile/update None
2024-10-21 21:25:23 - root - DEBUG - Logger configured
2024-10-21 21:25:24 - asyncio - DEBUG - Using proactor: IocpProactor
2024-10-21 21:25:26 - root - ERROR - AppError.UNKNOWN_ERROR_HAPPENED /profile/update None
2024-10-21 21:27:52 - root - DEBUG - Logger configured
2024-10-21 21:27:52 - asyncio - DEBUG - Using proactor: IocpProactor
2024-10-21 21:27:55 - root - ERROR - AppError.UNKNOWN_ERROR_HAPPENED /profile/update None
2024-10-21 21:28:15 - root - ERROR - AppError.UNKNOWN_ERROR_HAPPENED /profile/update None
2024-10-21 21:28:29 - root - ERROR - AppError.UNKNOWN_ERROR_HAPPENED /profile/update None
2024-10-21 21:31:57 - root - DEBUG - Logger configured
2024-10-21 21:31:58 - asyncio - DEBUG - Using proactor: IocpProactor
2024-10-21 21:32:01 - root - ERROR - <class 'KeyError'>'use_id' /profile/update None
2024-10-21 21:32:28 - root - DEBUG - Logger configured
2024-10-21 21:32:30 - asyncio - DEBUG - Using proactor: IocpProactor
2024-10-21 21:34:21 - root - ERROR - <class 'KeyError'> 'use_id' /profile/update None
2024-10-21 21:35:58 - root - DEBUG - Logger configured
2024-10-21 21:35:59 - asyncio - DEBUG - Using proactor: IocpProactor
2024-10-21 21:36:02 - root - ERROR - <class 'KeyError'> 'use_id' /profile/update 
2024-10-21 21:37:23 - root - DEBUG - Logger configured
2024-10-21 21:37:24 - asyncio - DEBUG - Using proactor: IocpProactor
2024-10-21 21:37:27 - root - ERROR - <class 'KeyError'> 'use_id' /profile/update None
2024-10-21 21:42:10 - root - DEBUG - Logger configured
2024-10-21 21:42:10 - asyncio - DEBUG - Using proactor: IocpProactor
2024-10-21 21:42:13 - root - ERROR - /profile/update <class 'KeyError'> 'use_id'
2024-10-21 21:44:31 - root - DEBUG - Logger configured
2024-10-21 21:44:33 - asyncio - DEBUG - Using proactor: IocpProactor
2024-10-21 21:46:23 - root - DEBUG - Logger configured
2024-10-21 21:46:24 - asyncio - DEBUG - Using proactor: IocpProactor
2024-10-21 21:51:06 - root - DEBUG - Logger configured
2024-10-21 21:51:07 - asyncio - DEBUG - Using proactor: IocpProactor
2024-10-21 21:51:27 - root - ERROR - /diary/fact-procedure <class 'asyncpg.exceptions.ForeignKeyViolationError'>: INSERT или UPDATE в таблице "fact_procedure" нарушает ограничение внешнего ключа "fact_procedure_clinic_id_fkey"
DETAIL:  Ключ (clinic_id)=(0) отсутствует в таблице "clinic".
Params: (41, 'string', 0, 0, 0, datetime.date(2024, 10, 21), '{}')
2024-10-21 21:52:05 - root - DEBUG - Logger configured
2024-10-21 21:52:06 - asyncio - DEBUG - Using proactor: IocpProactor
2024-10-21 21:52:08 - root - ERROR - POST /diary/fact-procedure <class 'asyncpg.exceptions.ForeignKeyViolationError'>: INSERT или UPDATE в таблице "fact_procedure" нарушает ограничение внешнего ключа "fact_procedure_clinic_id_fkey"
DETAIL:  Ключ (clinic_id)=(0) отсутствует в таблице "clinic".
Params: (41, 'string', 0, 0, 0, datetime.date(2024, 10, 21), '{}')
